<?xml version="1.0" encoding="UTF-8"?>
<!-- Generated by org.testng.reporters.JUnitReportReporter -->
<testsuite hostname="IN-PG02P7BS" failures="0" tests="1" name="com.runner.Testrunner" time="2.447" errors="1" timestamp="26 Apr 2023 11:49:47 GMT" skipped="0">
  <testcase classname="com.runner.Testrunner" name="runScenario" time="2.447">
    <error message="Cannot invoke &quot;io.appium.java_client.AppiumDriver.findElement(org.openqa.selenium.By)&quot; because &quot;com.stepdefination.OsStepdef.driver&quot; is null" type="java.lang.NullPointerException">
      <![CDATA[java.lang.NullPointerException: Cannot invoke "io.appium.java_client.AppiumDriver.findElement(org.openqa.selenium.By)" because "com.stepdefination.OsStepdef.driver" is null
at com.stepdefination.OsStepdef.user_clicks_on_os(OsStepdef.java:18)
at âœ½.user clicks on OS(file:///C:/Users/yogendrasharma01/eclipse-workspace/EndTest_API/src/test/java/Feature/Os.feature:8)
]]>
    </error>
  </testcase> <!-- runScenario -->
</testsuite> <!-- com.runner.Testrunner -->
